Dense Grid Operations
1 Thread
Time to apply Game Of Life rules for 1 generation: 4.41393e-05
Time to update grid: 1.64381e-06
Time to apply Game Of Life rules for 1 generation: 1.02437e-06
Time to update grid: 9.51204e-07
Time to apply Game Of Life rules for 1 generation: 9.33162e-07
Time to update grid: 9.54211e-07
Time to apply Game Of Life rules for 1 generation: 9.33162e-07
Time to update grid: 9.24141e-07
Time to apply Game Of Life rules for 1 generation: 9.31158e-07
Time to update grid: 9.3216e-07
Time to apply Game Of Life rules for 1 generation: 9.3216e-07
Time to update grid: 9.31158e-07
Time to apply Game Of Life rules for 1 generation: 9.16123e-07
Time to update grid: 9.23139e-07
Time to apply Game Of Life rules for 1 generation: 9.21134e-07
Time to update grid: 9.18127e-07
Time to apply Game Of Life rules for 1 generation: 9.26146e-07
Time to update grid: 9.21134e-07
Time to apply Game Of Life rules for 1 generation: 9.1913e-07
Time to update grid: 9.26146e-07
Total simulation run time: 0.000285465
2 Threads
Time to apply Game Of Life rules for 1 generation: 0.000201374
Time to update grid: 3.39088e-06
Time to apply Game Of Life rules for 1 generation: 2.26426e-06
Time to update grid: 2.73035e-06
Time to apply Game Of Life rules for 1 generation: 2.05879e-06
Time to update grid: 2.86466e-06
Time to apply Game Of Life rules for 1 generation: 2.22517e-06
Time to update grid: 2.82056e-06
Time to apply Game Of Life rules for 1 generation: 2.56396e-06
Time to update grid: 2.65818e-06
Time to apply Game Of Life rules for 1 generation: 2.1951e-06
Time to update grid: 3.09419e-06
Time to apply Game Of Life rules for 1 generation: 2.61007e-06
Time to update grid: 3.32172e-06
Time to apply Game Of Life rules for 1 generation: 2.97592e-06
Time to update grid: 2.98795e-06
Time to apply Game Of Life rules for 1 generation: 2.8817e-06
Time to update grid: 3.17839e-06
Time to apply Game Of Life rules for 1 generation: 2.94585e-06
Time to update grid: 3.38888e-06
Total simulation run time: 0.000522839
4 Threads
Time to apply Game Of Life rules for 1 generation: 0.000229185
Time to update grid: 3.5211e-06
Time to apply Game Of Life rules for 1 generation: 2.80445e-06
Time to update grid: 2.72126e-06
Time to apply Game Of Life rules for 1 generation: 3.03197e-06
Time to update grid: 3.36574e-06
Time to apply Game Of Life rules for 1 generation: 2.53483e-06
Time to update grid: 3.09712e-06
Time to apply Game Of Life rules for 1 generation: 2.17099e-06
Time to update grid: 3.42287e-06
Time to apply Game Of Life rules for 1 generation: 2.69019e-06
Time to update grid: 3.40784e-06
Time to apply Game Of Life rules for 1 generation: 3.31763e-06
Time to update grid: 2.74632e-06
Time to apply Game Of Life rules for 1 generation: 2.6942e-06
Time to update grid: 2.76235e-06
Time to apply Game Of Life rules for 1 generation: 2.5649e-06
Time to update grid: 2.73429e-06
Time to apply Game Of Life rules for 1 generation: 2.52781e-06
Time to update grid: 4.0002e-06
Total simulation run time: 0.000477766
8 Threads
Time to apply Game Of Life rules for 1 generation: 0.000236873
Time to update grid: 6.07704e-06
Time to apply Game Of Life rules for 1 generation: 5.19701e-06
Time to update grid: 5.13186e-06
Time to apply Game Of Life rules for 1 generation: 5.56836e-06
Time to update grid: 5.44207e-06
Time to apply Game Of Life rules for 1 generation: 4.12503e-06
Time to update grid: 5.88109e-06
Time to apply Game Of Life rules for 1 generation: 3.99523e-06
Time to update grid: 6.52608e-06
Time to apply Game Of Life rules for 1 generation: 6.30958e-06
Time to update grid: 4.71539e-06
Time to apply Game Of Life rules for 1 generation: 3.83636e-06
Time to update grid: 5.52476e-06
Time to apply Game Of Life rules for 1 generation: 7.94886e-06
Time to update grid: 1.5798e-05
Time to apply Game Of Life rules for 1 generation: 6.30056e-06
Time to update grid: 4.48236e-06
Time to apply Game Of Life rules for 1 generation: 5.29523e-06
Time to update grid: 5.51324e-06
Total simulation run time: 0.00123274
16 Threads
Time to apply Game Of Life rules for 1 generation: 0.000549041
Time to update grid: 7.0767e-06
Time to apply Game Of Life rules for 1 generation: 6.94138e-06
Time to update grid: 1.06632e-05
Time to apply Game Of Life rules for 1 generation: 8.03396e-06
Time to update grid: 8.88897e-06
Time to apply Game Of Life rules for 1 generation: 8.5201e-06
Time to update grid: 9.10147e-06
Time to apply Game Of Life rules for 1 generation: 9.20472e-06
Time to update grid: 1.03414e-05
Time to apply Game Of Life rules for 1 generation: 6.12445e-06
Time to update grid: 8.72158e-06
Time to apply Game Of Life rules for 1 generation: 6.41313e-06
Time to update grid: 8.11715e-06
Time to apply Game Of Life rules for 1 generation: 9.64776e-06
Time to update grid: 7.47163e-06
Time to apply Game Of Life rules for 1 generation: 9.2388e-06
Time to update grid: 1.06251e-05
Time to apply Game Of Life rules for 1 generation: 8.28154e-06
Time to update grid: 9.30997e-06
Total simulation run time: 0.000921408
28 Threads
Time to apply Game Of Life rules for 1 generation: 0.00429315
Time to update grid: 0.00392185
Time to apply Game Of Life rules for 1 generation: 0.00216802
Time to update grid: 0.00404168
Time to apply Game Of Life rules for 1 generation: 0.00401302
Time to update grid: 0.00402439
Time to apply Game Of Life rules for 1 generation: 0.00403472
Time to update grid: 0.00403941
Time to apply Game Of Life rules for 1 generation: 0.00401184
Time to update grid: 0.00405337
Time to apply Game Of Life rules for 1 generation: 0.00403409
Time to update grid: 0.0040266
Time to apply Game Of Life rules for 1 generation: 0.0040256
Time to update grid: 0.0040486
Time to apply Game Of Life rules for 1 generation: 0.00405067
Time to update grid: 0.0040079
Time to apply Game Of Life rules for 1 generation: 0.0040499
Time to update grid: 0.00414419
Time to apply Game Of Life rules for 1 generation: 0.00407236
Time to update grid: 0.00412635
Total simulation run time: 0.108226
