Dense Grid Operations
1 Thread
Time to apply Game Of Life rules for 1 generation: 2.53496e-05
Time to update grid: 1.702e-06
Time to apply Game Of Life rules for 1 generation: 1.15572e-06
Time to update grid: 9.72285e-07
Time to apply Game Of Life rules for 1 generation: 9.63264e-07
Time to update grid: 9.13146e-07
Time to apply Game Of Life rules for 1 generation: 9.29184e-07
Time to update grid: 9.10139e-07
Time to apply Game Of Life rules for 1 generation: 9.24172e-07
Time to update grid: 9.18158e-07
Time to apply Game Of Life rules for 1 generation: 9.23169e-07
Time to update grid: 8.92096e-07
Time to apply Game Of Life rules for 1 generation: 9.17155e-07
Time to update grid: 8.87085e-07
Time to apply Game Of Life rules for 1 generation: 9.14148e-07
Time to update grid: 8.93099e-07
Time to apply Game Of Life rules for 1 generation: 9.25174e-07
Time to update grid: 8.89089e-07
Time to apply Game Of Life rules for 1 generation: 9.18158e-07
Time to update grid: 9.04125e-07
Total simulation run time: 0.000275506
2 Threads
Time to apply Game Of Life rules for 1 generation: 0.000228085
Time to update grid: 3.84795e-06
Time to apply Game Of Life rules for 1 generation: 1.71298e-06
Time to update grid: 1.53858e-06
Time to apply Game Of Life rules for 1 generation: 1.49347e-06
Time to update grid: 1.49047e-06
Time to apply Game Of Life rules for 1 generation: 1.48145e-06
Time to update grid: 1.47443e-06
Time to apply Game Of Life rules for 1 generation: 1.48546e-06
Time to update grid: 1.52956e-06
Time to apply Game Of Life rules for 1 generation: 1.49247e-06
Time to update grid: 1.45138e-06
Time to apply Game Of Life rules for 1 generation: 1.49849e-06
Time to update grid: 1.48946e-06
Time to apply Game Of Life rules for 1 generation: 1.48445e-06
Time to update grid: 1.48245e-06
Time to apply Game Of Life rules for 1 generation: 1.52655e-06
Time to update grid: 1.47543e-06
Time to apply Game Of Life rules for 1 generation: 1.53958e-06
Time to update grid: 1.48345e-06
Total simulation run time: 0.000528912
4 Threads
Time to apply Game Of Life rules for 1 generation: 0.000143756
Time to update grid: 4.23184e-06
Time to apply Game Of Life rules for 1 generation: 2.7965e-06
Time to update grid: 3.74771e-06
Time to apply Game Of Life rules for 1 generation: 2.91578e-06
Time to update grid: 2.80552e-06
Time to apply Game Of Life rules for 1 generation: 3.07214e-06
Time to update grid: 3.16636e-06
Time to apply Game Of Life rules for 1 generation: 3.11925e-06
Time to update grid: 2.87167e-06
Time to apply Game Of Life rules for 1 generation: 3.27862e-06
Time to update grid: 2.52487e-06
Time to apply Game Of Life rules for 1 generation: 3.42195e-06
Time to update grid: 3.31871e-06
Time to apply Game Of Life rules for 1 generation: 3.27361e-06
Time to update grid: 2.97892e-06
Time to apply Game Of Life rules for 1 generation: 2.39657e-06
Time to update grid: 2.74137e-06
Time to apply Game Of Life rules for 1 generation: 2.63613e-06
Time to update grid: 3.47107e-06
Total simulation run time: 0.000395447
8 Threads
Time to apply Game Of Life rules for 1 generation: 0.000343648
Time to update grid: 4.73375e-06
Time to apply Game Of Life rules for 1 generation: 4.34537e-06
Time to update grid: 5.92846e-06
Time to apply Game Of Life rules for 1 generation: 5.3737e-06
Time to update grid: 3.73147e-06
Time to apply Game Of Life rules for 1 generation: 3.43079e-06
Time to update grid: 5.14067e-06
Time to apply Game Of Life rules for 1 generation: 1.57052e-05
Time to update grid: 4.88659e-06
Time to apply Game Of Life rules for 1 generation: 3.63174e-06
Time to update grid: 4.82295e-06
Time to apply Game Of Life rules for 1 generation: 4.86304e-06
Time to update grid: 4.14792e-06
Time to apply Game Of Life rules for 1 generation: 4.3158e-06
Time to update grid: 5.49548e-06
Time to apply Game Of Life rules for 1 generation: 3.01484e-06
Time to update grid: 4.5814e-06
Time to apply Game Of Life rules for 1 generation: 5.69794e-06
Time to update grid: 5.3722e-06
Total simulation run time: 0.00134283
16 Threads
Time to apply Game Of Life rules for 1 generation: 0.00471218
Time to update grid: 0.00204031
Time to apply Game Of Life rules for 1 generation: 0.00603684
Time to update grid: 0.00203272
Time to apply Game Of Life rules for 1 generation: 0.00607364
Time to update grid: 0.00202704
Time to apply Game Of Life rules for 1 generation: 0.0040403
Time to update grid: 0.00403653
Time to apply Game Of Life rules for 1 generation: 0.00402034
Time to update grid: 0.00402658
Time to apply Game Of Life rules for 1 generation: 0.00404728
Time to update grid: 0.00401602
Time to apply Game Of Life rules for 1 generation: 0.00403737
Time to update grid: 0.00402981
Time to apply Game Of Life rules for 1 generation: 0.00403988
Time to update grid: 0.00405411
Time to apply Game Of Life rules for 1 generation: 0.00407353
Time to update grid: 0.00406688
Time to apply Game Of Life rules for 1 generation: 0.00406055
Time to update grid: 0.00406267
Total simulation run time: 0.0800357
28 Threads
Time to apply Game Of Life rules for 1 generation: 0.0066468
Time to update grid: 0.00206877
Time to apply Game Of Life rules for 1 generation: 0.00607414
Time to update grid: 0.0020542
Time to apply Game Of Life rules for 1 generation: 0.00610235
Time to update grid: 0.0020411
Time to apply Game Of Life rules for 1 generation: 0.00406874
Time to update grid: 0.00604097
Time to apply Game Of Life rules for 1 generation: 0.00409342
Time to update grid: 0.00208599
Time to apply Game Of Life rules for 1 generation: 0.00405826
Time to update grid: 0.00415372
Time to apply Game Of Life rules for 1 generation: 0.00415196
Time to update grid: 0.00413637
Time to apply Game Of Life rules for 1 generation: 0.00405908
Time to update grid: 0.00411184
Time to apply Game Of Life rules for 1 generation: 0.00409837
Time to update grid: 0.00411869
Time to apply Game Of Life rules for 1 generation: 0.00414111
Time to update grid: 0.00405389
Total simulation run time: 0.0827724
