1 Thread
Time to apply Game Of Life rules for 1 generation: 61.946
Time to update grid: 16.5899
Time to apply Game Of Life rules for 1 generation: 61.7568
Time to update grid: 10.8859
Time to apply Game Of Life rules for 1 generation: 60.1457
Time to update grid: 11.5322
Time to apply Game Of Life rules for 1 generation: 58.9763
Time to update grid: 12.6225
Time to apply Game Of Life rules for 1 generation: 57.9104
Time to update grid: 13.5673
Time to apply Game Of Life rules for 1 generation: 57.0333
Time to update grid: 14.6732
Time to apply Game Of Life rules for 1 generation: 55.871
Time to update grid: 15.8236
Time to apply Game Of Life rules for 1 generation: 54.6844
Time to update grid: 16.4153
Time to apply Game Of Life rules for 1 generation: 53.4165
Time to update grid: 16.7684
Time to apply Game Of Life rules for 1 generation: 61.5828
Time to update grid: 9.06364
Total simulation run time: 721.285
2 Threads
Time to apply Game Of Life rules for 1 generation: 33.7882
Time to update grid: 9.18815
Time to apply Game Of Life rules for 1 generation: 32.691
Time to update grid: 8.80052
Time to apply Game Of Life rules for 1 generation: 29.4551
Time to update grid: 8.73409
Time to apply Game Of Life rules for 1 generation: 32.4447
Time to update grid: 6.25599
Time to apply Game Of Life rules for 1 generation: 31.1726
Time to update grid: 7.40928
Time to apply Game Of Life rules for 1 generation: 30.5815
Time to update grid: 8.66272
Time to apply Game Of Life rules for 1 generation: 29.303
Time to update grid: 8.73948
Time to apply Game Of Life rules for 1 generation: 32.6895
Time to update grid: 5.8499
Time to apply Game Of Life rules for 1 generation: 31.8284
Time to update grid: 6.96984
Time to apply Game Of Life rules for 1 generation: 30.4057
Time to update grid: 7.87009
Total simulation run time: 392.842
4 Threads
Time to apply Game Of Life rules for 1 generation: 29.5551
Time to update grid: 5.10988
Time to apply Game Of Life rules for 1 generation: 17.3772
Time to update grid: 4.59546
Time to apply Game Of Life rules for 1 generation: 23.6362
Time to update grid: 4.91686
Time to apply Game Of Life rules for 1 generation: 17.2484
Time to update grid: 12.1755
Time to apply Game Of Life rules for 1 generation: 17.6114
Time to update grid: 4.61196
Time to apply Game Of Life rules for 1 generation: 17.3961
Time to update grid: 4.12616
Time to apply Game Of Life rules for 1 generation: 16.894
Time to update grid: 4.5519
Time to apply Game Of Life rules for 1 generation: 17.4346
Time to update grid: 4.24583
Time to apply Game Of Life rules for 1 generation: 15.7866
Time to update grid: 4.47371
Time to apply Game Of Life rules for 1 generation: 17.3897
Time to update grid: 3.8182
Total simulation run time: 242.957
8 Threads
Time to apply Game Of Life rules for 1 generation: 19.5547
Time to update grid: 2.75919
Time to apply Game Of Life rules for 1 generation: 8.87763
Time to update grid: 2.43754
Time to apply Game Of Life rules for 1 generation: 8.70033
Time to update grid: 3.44736
Time to apply Game Of Life rules for 1 generation: 9.12364
Time to update grid: 2.37678
Time to apply Game Of Life rules for 1 generation: 8.6223
Time to update grid: 2.2481
Time to apply Game Of Life rules for 1 generation: 10.6171
Time to update grid: 2.6263
Time to apply Game Of Life rules for 1 generation: 8.32578
Time to update grid: 1.97094
Time to apply Game Of Life rules for 1 generation: 7.81031
Time to update grid: 5.9324
Time to apply Game Of Life rules for 1 generation: 8.64772
Time to update grid: 1.88174
Time to apply Game Of Life rules for 1 generation: 8.11278
Time to update grid: 2.24874
Total simulation run time: 126.324
16 Threads
Time to apply Game Of Life rules for 1 generation: 13.547
Time to update grid: 1.77314
Time to apply Game Of Life rules for 1 generation: 4.77948
Time to update grid: 1.3523
Time to apply Game Of Life rules for 1 generation: 4.75867
Time to update grid: 1.32012
Time to apply Game Of Life rules for 1 generation: 4.7036
Time to update grid: 1.8954
Time to apply Game Of Life rules for 1 generation: 5.24365
Time to update grid: 1.27295
Time to apply Game Of Life rules for 1 generation: 4.69768
Time to update grid: 1.21458
Time to apply Game Of Life rules for 1 generation: 4.72767
Time to update grid: 1.29514
Time to apply Game Of Life rules for 1 generation: 4.70318
Time to update grid: 1.22768
Time to apply Game Of Life rules for 1 generation: 5.09763
Time to update grid: 1.88712
Time to apply Game Of Life rules for 1 generation: 4.6954
Time to update grid: 1.27384
Total simulation run time: 71.4704
28 Threads
Time to apply Game Of Life rules for 1 generation: 9.78312
Time to update grid: 1.134
Time to apply Game Of Life rules for 1 generation: 3.18557
Time to update grid: 1.04526
Time to apply Game Of Life rules for 1 generation: 3.04061
Time to update grid: 0.834866
Time to apply Game Of Life rules for 1 generation: 3.00826
Time to update grid: 0.993645
Time to apply Game Of Life rules for 1 generation: 3.04327
Time to update grid: 0.934915
Time to apply Game Of Life rules for 1 generation: 3.04209
Time to update grid: 0.804511
Time to apply Game Of Life rules for 1 generation: 2.6651
Time to update grid: 0.789808
Time to apply Game Of Life rules for 1 generation: 2.90766
Time to update grid: 0.78285
Time to apply Game Of Life rules for 1 generation: 2.71483
Time to update grid: 0.776794
Time to apply Game Of Life rules for 1 generation: 2.69436
Time to update grid: 0.808321
Total simulation run time: 44.9919
