1 Thread
Time to apply Fire Simulation rules for 1 generation: 7.13882e-05
Time to update grid: 2.10186e-06
Time to apply Fire Simulation rules for 1 generation: 1.30452e-06
Time to update grid: 1.18123e-06
Time to apply Fire Simulation rules for 1 generation: 1.13463e-06
Time to update grid: 1.15668e-06
Time to apply Fire Simulation rules for 1 generation: 1.14114e-06
Time to update grid: 1.18725e-06
Time to apply Fire Simulation rules for 1 generation: 1.18725e-06
Time to update grid: 1.18274e-06
Time to apply Fire Simulation rules for 1 generation: 1.1226e-06
Time to update grid: 1.14715e-06
Time to apply Fire Simulation rules for 1 generation: 1.14264e-06
Time to update grid: 1.14715e-06
Time to apply Fire Simulation rules for 1 generation: 1.1241e-06
Time to update grid: 1.14715e-06
Time to apply Fire Simulation rules for 1 generation: 1.14715e-06
Time to update grid: 1.15016e-06
Time to apply Fire Simulation rules for 1 generation: 1.13513e-06
Time to update grid: 1.16419e-06
Total simulation run time: 0.000486179
2 Thread
Time to apply Fire Simulation rules for 1 generation: 0.000245734
Time to update grid: 7.62869e-06
Time to apply Fire Simulation rules for 1 generation: 3.56527e-06
Time to update grid: 3.451e-06
Time to apply Fire Simulation rules for 1 generation: 3.90606e-06
Time to update grid: 3.18438e-06
Time to apply Fire Simulation rules for 1 generation: 4.49492e-06
Time to update grid: 4.11103e-06
Time to apply Fire Simulation rules for 1 generation: 3.87198e-06
Time to update grid: 3.18739e-06
Time to apply Fire Simulation rules for 1 generation: 3.8384e-06
Time to update grid: 3.77175e-06
Time to apply Fire Simulation rules for 1 generation: 3.8384e-06
Time to update grid: 4.30097e-06
Time to apply Fire Simulation rules for 1 generation: 3.75621e-06
Time to update grid: 3.64846e-06
Time to apply Fire Simulation rules for 1 generation: 4.27441e-06
Time to update grid: 4.06342e-06
Time to apply Fire Simulation rules for 1 generation: 3.68855e-06
Time to update grid: 4.50595e-06
Total simulation run time: 0.000687984
4 Thread
Time to apply Fire Simulation rules for 1 generation: 0.000349644
Time to update grid: 7.04883e-06
Time to apply Fire Simulation rules for 1 generation: 4.12806e-06
Time to update grid: 3.77625e-06
Time to apply Fire Simulation rules for 1 generation: 3.66248e-06
Time to update grid: 3.97421e-06
Time to apply Fire Simulation rules for 1 generation: 4.6197e-06
Time to update grid: 3.38935e-06
Time to apply Fire Simulation rules for 1 generation: 3.59132e-06
Time to update grid: 3.42193e-06
Time to apply Fire Simulation rules for 1 generation: 3.18087e-06
Time to update grid: 3.85693e-06
Time to apply Fire Simulation rules for 1 generation: 3.76723e-06
Time to update grid: 3.81484e-06
Time to apply Fire Simulation rules for 1 generation: 3.1969e-06
Time to update grid: 3.75169e-06
Time to apply Fire Simulation rules for 1 generation: 4.1897e-06
Time to update grid: 3.86445e-06
Time to apply Fire Simulation rules for 1 generation: 4.60116e-06
Time to update grid: 4.2313e-06
Total simulation run time: 0.000820741
8 Thread
Time to apply Fire Simulation rules for 1 generation: 0.000395285
Time to update grid: 8.49341e-06
Time to apply Fire Simulation rules for 1 generation: 4.77391e-06
Time to update grid: 6.16008e-06
Time to apply Fire Simulation rules for 1 generation: 6.07088e-06
Time to update grid: 4.9433e-06
Time to apply Fire Simulation rules for 1 generation: 4.73683e-06
Time to update grid: 5.24749e-06
Time to apply Fire Simulation rules for 1 generation: 5.97065e-06
Time to update grid: 5.48804e-06
Time to apply Fire Simulation rules for 1 generation: 4.85259e-06
Time to update grid: 5.71606e-06
Time to apply Fire Simulation rules for 1 generation: 5.58176e-06
Time to update grid: 5.49706e-06
Time to apply Fire Simulation rules for 1 generation: 5.53265e-06
Time to update grid: 6.22523e-06
Time to apply Fire Simulation rules for 1 generation: 4.99943e-06
Time to update grid: 7.08219e-06
Time to apply Fire Simulation rules for 1 generation: 5.12872e-06
Time to update grid: 6.75093e-06
Total simulation run time: 0.00159269
16 Thread
Time to apply Fire Simulation rules for 1 generation: 0.000660087
Time to update grid: 0.000106827
Time to apply Fire Simulation rules for 1 generation: 8.65715e-06
Time to update grid: 1.0099e-05
Time to apply Fire Simulation rules for 1 generation: 9.68705e-06
Time to update grid: 1.19679e-05
Time to apply Fire Simulation rules for 1 generation: 1.04258e-05
Time to update grid: 9.95567e-06
Time to apply Fire Simulation rules for 1 generation: 8.43664e-06
Time to update grid: 8.04172e-06
Time to apply Fire Simulation rules for 1 generation: 7.20928e-06
Time to update grid: 9.63643e-06
Time to apply Fire Simulation rules for 1 generation: 9.53569e-06
Time to update grid: 9.56977e-06
Time to apply Fire Simulation rules for 1 generation: 8.5494e-06
Time to update grid: 7.92294e-06
Time to apply Fire Simulation rules for 1 generation: 9.50512e-06
Time to update grid: 9.79831e-06
Time to apply Fire Simulation rules for 1 generation: 8.31335e-06
Time to update grid: 8.53837e-06
Total simulation run time: 0.0193232
28 Thread
Time to apply Fire Simulation rules for 1 generation: 0.00490246
Time to update grid: 0.00584387
Time to apply Fire Simulation rules for 1 generation: 0.00203721
Time to update grid: 0.00130209
Time to apply Fire Simulation rules for 1 generation: 0.00198009
Time to update grid: 0.00197246
Time to apply Fire Simulation rules for 1 generation: 0.00196708
Time to update grid: 0.00196464
Time to apply Fire Simulation rules for 1 generation: 0.00196143
Time to update grid: 0.0019703
Time to apply Fire Simulation rules for 1 generation: 0.00196564
Time to update grid: 0.00196955
Time to apply Fire Simulation rules for 1 generation: 0.00196667
Time to update grid: 0.00195919
Time to apply Fire Simulation rules for 1 generation: 0.0019665
Time to update grid: 0.00196456
Time to apply Fire Simulation rules for 1 generation: 0.00196887
Time to update grid: 0.00196749
Time to apply Fire Simulation rules for 1 generation: 0.00196285
Time to update grid: 0.00197125
Total simulation run time: 0.0464798
