Dense Grid Operations
1 Thread
Time to apply Game Of Life rules for 1 generation: 4.82426e-05
Time to update grid: 3.40795e-08
Time to apply Game Of Life rules for 1 generation: 1.77013e-06
Time to update grid: 6.01404e-09
Time to apply Game Of Life rules for 1 generation: 9.52222e-07
Time to update grid: 9.02105e-09
Time to apply Game Of Life rules for 1 generation: 9.23154e-07
Time to update grid: 9.02105e-09
Time to apply Game Of Life rules for 1 generation: 9.37187e-07
Time to update grid: 9.02105e-09
Time to apply Game Of Life rules for 1 generation: 9.29168e-07
Time to update grid: 9.02105e-09
Time to apply Game Of Life rules for 1 generation: 9.20147e-07
Time to update grid: 6.01404e-09
Time to apply Game Of Life rules for 1 generation: 9.31173e-07
Time to update grid: 9.02105e-09
Time to apply Game Of Life rules for 1 generation: 9.42199e-07
Time to update grid: 9.02105e-09
Time to apply Game Of Life rules for 1 generation: 9.22152e-07
Time to update grid: 9.02105e-09
Total simulation run time: 0.00037573
2 Threads
Time to apply Game Of Life rules for 1 generation: 0.000117787
Time to update grid: 1.20284e-07
Time to apply Game Of Life rules for 1 generation: 3.46617e-06
Time to update grid: 9.02127e-09
Time to apply Game Of Life rules for 1 generation: 1.56278e-05
Time to update grid: 8.11914e-08
Time to apply Game Of Life rules for 1 generation: 2.69435e-06
Time to update grid: 9.02127e-09
Time to apply Game Of Life rules for 1 generation: 2.64123e-06
Time to update grid: 9.02127e-09
Time to apply Game Of Life rules for 1 generation: 2.63622e-06
Time to update grid: 9.02127e-09
Time to apply Game Of Life rules for 1 generation: 2.94595e-06
Time to update grid: 9.02127e-09
Time to apply Game Of Life rules for 1 generation: 2.57708e-06
Time to update grid: 9.02127e-09
Time to apply Game Of Life rules for 1 generation: 2.74848e-06
Time to update grid: 9.02127e-09
Time to apply Game Of Life rules for 1 generation: 2.69335e-06
Time to update grid: 1.00236e-08
Total simulation run time: 0.000355581
4 Threads
Time to apply Game Of Life rules for 1 generation: 0.000235878
Time to update grid: 1.34312e-07
Time to apply Game Of Life rules for 1 generation: 3.96119e-06
Time to update grid: 9.02093e-09
Time to apply Game Of Life rules for 1 generation: 2.83658e-06
Time to update grid: 9.02093e-09
Time to apply Game Of Life rules for 1 generation: 4.04539e-06
Time to update grid: 9.02093e-09
Time to apply Game Of Life rules for 1 generation: 3.07914e-06
Time to update grid: 9.02093e-09
Time to apply Game Of Life rules for 1 generation: 3.33975e-06
Time to update grid: 6.01395e-09
Time to apply Game Of Life rules for 1 generation: 4.09149e-06
Time to update grid: 9.02093e-09
Time to apply Game Of Life rules for 1 generation: 2.75239e-06
Time to update grid: 9.02093e-09
Time to apply Game Of Life rules for 1 generation: 2.86064e-06
Time to update grid: 6.01395e-09
Time to apply Game Of Life rules for 1 generation: 2.60003e-06
Time to update grid: 1.00233e-08
Total simulation run time: 0.000453614
8 Threads
Time to apply Game Of Life rules for 1 generation: 0.000464487
Time to update grid: 7.78726e-06
Time to apply Game Of Life rules for 1 generation: 4.8666e-06
Time to update grid: 9.02057e-09
Time to apply Game Of Life rules for 1 generation: 4.50728e-06
Time to update grid: 9.52172e-09
Time to apply Game Of Life rules for 1 generation: 5.57872e-06
Time to update grid: 9.52172e-09
Time to apply Game Of Life rules for 1 generation: 5.8749e-06
Time to update grid: 1.0524e-08
Time to apply Game Of Life rules for 1 generation: 5.0405e-06
Time to update grid: 9.52172e-09
Time to apply Game Of Life rules for 1 generation: 4.31133e-06
Time to update grid: 9.02057e-09
Time to apply Game Of Life rules for 1 generation: 4.45165e-06
Time to update grid: 1.10251e-08
Time to apply Game Of Life rules for 1 generation: 4.98236e-06
Time to update grid: 9.52172e-09
Time to apply Game Of Life rules for 1 generation: 5.00842e-06
Time to update grid: 1.08247e-07
Total simulation run time: 0.00147513
16 Threads
Time to apply Game Of Life rules for 1 generation: 0.000515942
Time to update grid: 1.17767e-07
Time to apply Game Of Life rules for 1 generation: 6.81246e-06
Time to update grid: 1.70387e-08
Time to apply Game Of Life rules for 1 generation: 8.4191e-06
Time to update grid: 1.00227e-08
Time to apply Game Of Life rules for 1 generation: 7.50002e-06
Time to update grid: 1.00227e-08
Time to apply Game Of Life rules for 1 generation: 9.17081e-06
Time to update grid: 1.00227e-08
Time to apply Game Of Life rules for 1 generation: 1.04552e-05
Time to update grid: 1.00227e-08
Time to apply Game Of Life rules for 1 generation: 9.43691e-06
Time to update grid: 1.00227e-08
Time to apply Game Of Life rules for 1 generation: 1.02663e-05
Time to update grid: 1.00227e-08
Time to apply Game Of Life rules for 1 generation: 9.4314e-06
Time to update grid: 1.00227e-08
Time to apply Game Of Life rules for 1 generation: 2.90143e-05
Time to update grid: 1.00227e-08
Total simulation run time: 0.0015531
28 Threads
Time to apply Game Of Life rules for 1 generation: 0.00444001
Time to update grid: 1.26288e-07
Time to apply Game Of Life rules for 1 generation: 0.00539
Time to update grid: 1.70388e-08
Time to apply Game Of Life rules for 1 generation: 0.00203922
Time to update grid: 1.85423e-08
Time to apply Game Of Life rules for 1 generation: 0.006095
Time to update grid: 1.54352e-07
Time to apply Game Of Life rules for 1 generation: 0.00205411
Time to update grid: 1.0524e-08
Time to apply Game Of Life rules for 1 generation: 0.00405302
Time to update grid: 1.38816e-07
Time to apply Game Of Life rules for 1 generation: 0.00407958
Time to update grid: 1.65377e-07
Time to apply Game Of Life rules for 1 generation: 0.00404252
Time to update grid: 1.55855e-07
Time to apply Game Of Life rules for 1 generation: 0.00404729
Time to update grid: 9.02056e-09
Time to apply Game Of Life rules for 1 generation: 0.00406313
Time to update grid: 1.25286e-08
Total simulation run time: 0.0412828
